<?xml version="1.0" encoding="UTF-8"?>
<testsuite xmlns:xsi="http://www.w3.org/2001/XMLSchema-instance" xsi:noNamespaceSchemaLocation="https://maven.apache.org/surefire/maven-surefire-plugin/xsd/surefire-test-report-3.0.xsd" version="3.0" name="runners.TestRunner" time="22.566" tests="11" errors="0" skipped="0" failures="0">
  <properties>
[...]
</properties>
  <testcase name="Get addresses data" classname="Addresses API" time="4.197">
    <system-out><![CDATA[
Scenario: Get addresses data              # src/test/resources/features/addresses.feature:3
  Given Faker API is ready                # stepdefinitions.CommonSteps.fakerApiReady()
  When I request addresses                # stepdefinitions.AddressesSteps.requestAddresses()
  Then response status code should be 200 # stepdefinitions.CommonSteps.validateStatusCodeGeneric(int)
  And response data should not be empty   # stepdefinitions.CommonSteps.validateDataNotEmpty()
]]></system-out>
  </testcase>
  <testcase name="Get books data" classname="Books API" time="1.478">
    <system-out><![CDATA[
Scenario: Get books data                  # src/test/resources/features/books.feature:3
  Given Faker API is ready                # stepdefinitions.CommonSteps.fakerApiReady()
  When I request books                    # stepdefinitions.BooksSteps.requestBooks()
  Then response status code should be 200 # stepdefinitions.CommonSteps.validateStatusCodeGeneric(int)
]]></system-out>
  </testcase>
  <testcase name="Get companies data" classname="Companies API" time="1.206">
    <system-out><![CDATA[
Scenario: Get companies data              # src/test/resources/features/companies.feature:3
  Given Faker API is ready                # stepdefinitions.CommonSteps.fakerApiReady()
  When I request companies                # stepdefinitions.CompaniesSteps.requestCompanies()
  Then response status code should be 200 # stepdefinitions.CommonSteps.validateStatusCodeGeneric(int)
]]></system-out>
  </testcase>
  <testcase name="Get credit cards data" classname="Credit Cards API" time="1.205">
    <system-out><![CDATA[
Scenario: Get credit cards data           # src/test/resources/features/credit_cards.feature:3
  Given Faker API is ready                # stepdefinitions.CommonSteps.fakerApiReady()
  When I request credit cards             # stepdefinitions.CreditCardsSteps.requestCreditCards()
  Then response status code should be 400 # stepdefinitions.CommonSteps.validateStatusCodeGeneric(int)
]]></system-out>
  </testcase>
  <testcase name="Get custom data with quantity" classname="Custom API" time="1.529">
    <system-out><![CDATA[
Scenario: Get custom data with quantity      # src/test/resources/features/custom.feature:3
  Given Faker API is ready                   # stepdefinitions.CommonSteps.fakerApiReady()
  When I request custom data with quantity 3 # stepdefinitions.CustomSteps.requestCustom(int)
  Then response should contain 3 items       # stepdefinitions.CommonSteps.validateResponseItemCount(int)
]]></system-out>
  </testcase>
  <testcase name="Get images" classname="Images API" time="1.87">
    <system-out><![CDATA[
Scenario: Get images                      # src/test/resources/features/images.feature:3
  Given Faker API is ready                # stepdefinitions.CommonSteps.fakerApiReady()
  When I request images                   # stepdefinitions.ImagesSteps.requestImages()
  Then response status code should be 200 # stepdefinitions.CommonSteps.validateStatusCodeGeneric(int)
]]></system-out>
  </testcase>
  <testcase name="Get persons data" classname="Persons API" time="1.566">
    <system-out><![CDATA[
Scenario: Get persons data                # src/test/resources/features/persons.feature:3
  Given Faker API is ready                # stepdefinitions.CommonSteps.fakerApiReady()
  When I request persons                  # stepdefinitions.PersonsSteps.requestPersons()
  Then response status code should be 200 # stepdefinitions.CommonSteps.validateStatusCodeGeneric(int)
]]></system-out>
  </testcase>
  <testcase name="Get places data" classname="Places API" time="1.315">
    <system-out><![CDATA[
Scenario: Get places data                 # src/test/resources/features/places.feature:3
  Given Faker API is ready                # stepdefinitions.CommonSteps.fakerApiReady()
  When I request places                   # stepdefinitions.PlacesSteps.requestPlaces()
  Then response status code should be 200 # stepdefinitions.CommonSteps.validateStatusCodeGeneric(int)
]]></system-out>
  </testcase>
  <testcase name="Get products data" classname="Products API" time="1.226">
    <system-out><![CDATA[
Scenario: Get products data               # src/test/resources/features/products.feature:3
  Given Faker API is ready                # stepdefinitions.CommonSteps.fakerApiReady()
  When I request products                 # stepdefinitions.ProductsSteps.requestProducts()
  Then response status code should be 200 # stepdefinitions.CommonSteps.validateStatusCodeGeneric(int)
]]></system-out>
  </testcase>
  <testcase name="Get texts data" classname="Texts API" time="3.238">
    <system-out><![CDATA[
Scenario: Get texts data                  # src/test/resources/features/texts.feature:3
  Given Faker API is ready                # stepdefinitions.CommonSteps.fakerApiReady()
  When I request texts                    # stepdefinitions.TextsSteps.requestTexts()
  Then response status code should be 200 # stepdefinitions.CommonSteps.validateStatusCodeGeneric(int)
]]></system-out>
  </testcase>
  <testcase name="Get users data" classname="Users API" time="2.992">
    <system-out><![CDATA[
Scenario: Get users data                  # src/test/resources/features/users.feature:3
  Given Faker API is ready                # stepdefinitions.CommonSteps.fakerApiReady()
  When I request users                    # stepdefinitions.UsersSteps.requestUsers()
  Then response status code should be 200 # stepdefinitions.CommonSteps.validateStatusCodeGeneric(int)
  And response data should not be empty   # stepdefinitions.CommonSteps.validateDataNotEmpty()
]]></system-out>
  </testcase>
</testsuite>