<?xml version="1.0" encoding="UTF-8"?>
<testsuite xmlns:xsi="http://www.w3.org/2001/XMLSchema-instance" xsi:noNamespaceSchemaLocation="https://maven.apache.org/surefire/maven-surefire-plugin/xsd/surefire-test-report-3.0.xsd" version="3.0" name="runners.TestRunner" time="21.409" tests="11" errors="0" skipped="0" failures="0">
  <properties>
[...]
</properties>
  <testcase name="Get addresses data" classname="Addresses API" time="4.074">
    <system-out><![CDATA[
Scenario: Get addresses data              # src/test/resources/features/addresses.feature:3
  Given Faker API is ready                # stepdefinitions.CommonSteps.fakerApiReady()
Request method:	GET
Request URI:	https://fakerapi.it/api/v1/addresses
Proxy:			<none>
Request params:	<none>
Query params:	<none>
Form params:	<none>
Path params:	<none>
Headers:		Accept=*/*
Cookies:		<none>
Multiparts:		<none>
Body:			<none>
HTTP/1.1 200 OK
Server: nginx
Content-Type: application/json
Transfer-Encoding: chunked
Connection: keep-alive
Vary: Accept-Encoding
X-Powered-By: PHP/8.3.8
Cache-Control: no-cache, private
Date: Mon, 12 Jan 2026 02:28:10 GMT
X-RateLimit-Limit: 60
X-RateLimit-Remaining: 59
Access-Control-Allow-Origin: *
X-UA-Compatible: IE=Edge,chrome=1
Content-Encoding: gzip

{
    "status": "OK",
    "code": 200,
    "locale": "en_US",
    "seed": null,
    "total": 10,
    "data": [
        {
            "id": 1,
            "street": "999 Clair Row Suite 759",
            "streetName": "Doris Stream",
            "buildingNumber": "96853",
            "city": "Port Enricoborough",
            "zipcode": "65149-0149",
            "country": "Vanuatu",
            "country_code": "VU",
            "latitude": 75.290234,
            "longitude": 81.386989
        },
        {
            "id": 2,
            "street": "42579 Rippin Station Suite 628",
            "streetName": "Shanelle Locks",
            "buildingNumber": "72463",
            "city": "Stantonside",
            "zipcode": "25218",
            "country": "Togo",
            "country_code": "TG",
            "latitude": -55.011423,
            "longitude": -172.607546
        },
        {
            "id": 3,
            "street": "48500 Rachelle Mews Suite 387",
            "streetName": "Nitzsche Ferry",
            "buildingNumber": "67778",
            "city": "South Hailiefurt",
            "zipcode": "33056",
            "country": "San Marino",
            "country_code": "SM",
            "latitude": 48.361539,
            "longitude": 169.411541
        },
        {
            "id": 4,
            "street": "268 Ernest Causeway",
            "streetName": "Lakin Vista",
            "buildingNumber": "2213",
            "city": "Millsborough",
            "zipcode": "29227-8118",
            "country": "Tuvalu",
            "country_code": "TV",
            "latitude": 44.086515,
            "longitude": -20.485889
        },
        {
            "id": 5,
            "street": "46892 Howell Crossroad",
            "streetName": "Katelyn Mountains",
            "buildingNumber": "950",
            "city": "Lake Reganchester",
            "zipcode": "15153",
            "country": "Bahrain",
            "country_code": "BH",
            "latitude": -69.303514,
            "longitude": -23.942383
        },
        {
            "id": 6,
            "street": "883 Delaney Falls",
            "streetName": "Adella Glen",
            "buildingNumber": "372",
            "city": "Lake Felicitafort",
            "zipcode": "31380-8303",
            "country": "U.S. Outlying Islands",
            "country_code": "UM",
            "latitude": 49.407668,
            "longitude": -63.626043
        },
        {
            "id": 7,
            "street": "3607 Daniela Point",
            "streetName": "Elenora Greens",
            "buildingNumber": "794",
            "city": "Port Nia",
            "zipcode": "71361-0111",
            "country": "Yemen",
            "country_code": "YE",
            "latitude": 62.221173,
            "longitude": -102.63112
        },
        {
            "id": 8,
            "street": "98703 Toney Ramp",
            "streetName": "Gregoria Coves",
            "buildingNumber": "83318",
            "city": "Herminaside",
            "zipcode": "26271-2045",
            "country": "Romania",
            "country_code": "RO",
            "latitude": -58.593331,
            "longitude": 14.693101
        },
        {
            "id": 9,
            "street": "42169 Gilberto Green Apt. 674",
            "streetName": "Ocie Drives",
            "buildingNumber": "5799",
            "city": "South Savannahborough",
            "zipcode": "78495",
            "country": "Equatorial Guinea",
            "country_code": "GQ",
            "latitude": 19.898833,
            "longitude": 1.774854
        },
        {
            "id": 10,
            "street": "72968 Ines Bypass",
            "streetName": "Sibyl Course",
            "buildingNumber": "71300",
            "city": "Lake Ulicesburgh",
            "zipcode": "44233-7476",
            "country": "Cook Islands",
            "country_code": "CK",
            "latitude": -75.178956,
            "longitude": 106.48932
        }
    ]
}
  When I request addresses                # stepdefinitions.AddressesSteps.requestAddresses()
  Then response status code should be 200 # stepdefinitions.CommonSteps.validateStatusCodeGeneric(int)
  And response data should not be empty   # stepdefinitions.CommonSteps.validateDataNotEmpty()
]]></system-out>
  </testcase>
  <testcase name="Get books data" classname="Books API" time="1.592">
    <system-out><![CDATA[
Scenario: Get books data                  # src/test/resources/features/books.feature:3
  Given Faker API is ready                # stepdefinitions.CommonSteps.fakerApiReady()
Request method:	GET
Request URI:	https://fakerapi.it/api/v1/books
Proxy:			<none>
Request params:	<none>
Query params:	<none>
Form params:	<none>
Path params:	<none>
Headers:		Accept=*/*
Cookies:		<none>
Multiparts:		<none>
Body:			<none>
Request method:	GET
Request URI:	https://fakerapi.it/api/v1/books
Proxy:			<none>
Request params:	<none>
Query params:	<none>
Form params:	<none>
Path params:	<none>
Headers:		Accept=*/*
Cookies:		<none>
Multiparts:		<none>
Body:			<none>
HTTP/1.1 200 OK
Server: nginx
Content-Type: application/json
Transfer-Encoding: chunked
Connection: keep-alive
Vary: Accept-Encoding
X-Powered-By: PHP/8.3.8
Cache-Control: no-cache, private
Date: Mon, 12 Jan 2026 02:28:12 GMT
X-RateLimit-Limit: 60
X-RateLimit-Remaining: 58
Access-Control-Allow-Origin: *
X-UA-Compatible: IE=Edge,chrome=1
Content-Encoding: gzip

{
    "status": "OK",
    "code": 200,
    "locale": "en_US",
    "seed": null,
    "total": 10,
    "data": [
        {
            "id": 1,
            "title": "Alice looked at it.",
            "author": "Freddy Bernier",
            "genre": "Omnis",
            "description": "Five! Don't go splashing paint over me like that!' But she did so, and were resting in the prisoner's handwriting?' asked another of the cattle in the long hall, and wander about among those beds of.",
            "isbn": "9795106778632",
            "image": "http://placeimg.com/480/640/any",
            "published": "1988-07-05",
            "publisher": "Sapiente Et"
        },
        {
            "id": 2,
            "title": "Mock Turtle said.",
            "author": "Adelbert Bayer",
            "genre": "Unde",
            "description": "White Rabbit. She was close behind her, listening: so she set to work at once without waiting for the pool of tears which she had hurt the poor little thing sat down again very sadly and quietly.",
            "isbn": "9793086015631",
            "image": "http://placeimg.com/480/640/any",
            "published": "1982-05-27",
            "publisher": "Dignissimos Qui"
        },
        {
            "id": 3,
            "title": "THAT like?' said.",
            "author": "Aimee Smith",
            "genre": "Asperiores",
            "description": "Cheshire Cat, she was exactly the right way to explain the paper. 'If there's no use speaking to it,' she thought, 'and hand round the rosetree; for, you see, so many tea-things are put out here?'.",
            "isbn": "9788815624161",
            "image": "http://placeimg.com/480/640/any",
            "published": "1979-07-28",
            "publisher": "Error Omnis"
        },
        {
            "id": 4,
            "title": "I don't put my arm.",
            "author": "Hannah Anderson",
            "genre": "Recusandae",
            "description": "Arithmetic--Ambition, Distraction, Uglification, and Derision.' 'I never heard of \"Uglification,\"' Alice ventured to taste it, and found that, as nearly as large as the soldiers shouted in reply.",
            "isbn": "9783202540727",
            "image": "http://placeimg.com/480/640/any",
            "published": "1983-05-21",
            "publisher": "Natus Necessitatibus"
        },
        {
            "id": 5,
            "title": "Gryphon. 'We can.",
            "author": "Jaunita Mueller",
            "genre": "Aliquam",
            "description": "Mock Turtle. Alice was more hopeless than ever: she sat down a jar from one of the guinea-pigs cheered, and was going to be, from one end of your flamingo. Shall I try the patience of an oyster!' 'I.",
            "isbn": "9786119846135",
            "image": "http://placeimg.com/480/640/any",
            "published": "1978-09-14",
            "publisher": "Quia Alias"
        },
        {
            "id": 6,
            "title": "Bill had left off.",
            "author": "Dustin Kertzmann",
            "genre": "Ullam",
            "description": "Dormouse,' the Queen said severely 'Who is it I can't see you?' She was a dead silence. Alice noticed with some difficulty, as it was indeed: she was playing against herself, for she had never seen.",
            "isbn": "9798241277565",
            "image": "http://placeimg.com/480/640/any",
            "published": "1992-01-03",
            "publisher": "Inventore Ut"
        },
        {
            "id": 7,
            "title": "I should like to.",
            "author": "Keegan Brown",
            "genre": "Iure",
            "description": "Five! Don't go splashing paint over me like a snout than a rat-hole: she knelt down and cried. 'Come, there's no name signed at the frontispiece if you hold it too long; and that he had to stoop to.",
            "isbn": "9798696685526",
            "image": "http://placeimg.com/480/640/any",
            "published": "1970-01-11",
            "publisher": "Eius Eum"
        },
        {
            "id": 8,
            "title": "Tell us all about.",
            "author": "Clinton Lehner",
            "genre": "Cum",
            "description": "Alice. 'Why, SHE,' said the King, 'unless it was in the night? Let me think: was I the same side of WHAT?' thought Alice 'without pictures or conversations?' So she stood watching them, and the arm.",
            "isbn": "9794332161911",
            "image": "http://placeimg.com/480/640/any",
            "published": "2021-06-25",
            "publisher": "Ipsum Ut"
        },
        {
            "id": 9,
            "title": "Alice thought to.",
            "author": "Albertha Denesik",
            "genre": "Quia",
            "description": "Like a tea-tray in the wood,' continued the King. The White Rabbit with pink eyes ran close by her. There was nothing on it in a confused way, 'Prizes! Prizes!' Alice had learnt several things of.",
            "isbn": "9794318389803",
            "image": "http://placeimg.com/480/640/any",
            "published": "2016-10-18",
            "publisher": "Quisquam Ipsa"
        },
        {
            "id": 10,
            "title": "Luckily for Alice.",
            "author": "Consuelo Pfeffer",
            "genre": "Cupiditate",
            "description": "It's by far the most important piece of it at all,' said the Mock Turtle, suddenly dropping his voice; and Alice was beginning to end,' said the King. 'Nearly two miles high,' added the Gryphon; and.",
            "isbn": "9796346811561",
            "image": "http://placeimg.com/480/640/any",
            "published": "1997-11-03",
            "publisher": "Laudantium Expedita"
        }
    ]
}
HTTP/1.1 200 OK
Server: nginx
Content-Type: application/json
Transfer-Encoding: chunked
Connection: keep-alive
Vary: Accept-Encoding
X-Powered-By: PHP/8.3.8
Cache-Control: no-cache, private
Date: Mon, 12 Jan 2026 02:28:12 GMT
X-RateLimit-Limit: 60
X-RateLimit-Remaining: 58
Access-Control-Allow-Origin: *
X-UA-Compatible: IE=Edge,chrome=1
Content-Encoding: gzip

{
    "status": "OK",
    "code": 200,
    "locale": "en_US",
    "seed": null,
    "total": 10,
    "data": [
        {
            "id": 1,
            "title": "Alice looked at it.",
            "author": "Freddy Bernier",
            "genre": "Omnis",
            "description": "Five! Don't go splashing paint over me like that!' But she did so, and were resting in the prisoner's handwriting?' asked another of the cattle in the long hall, and wander about among those beds of.",
            "isbn": "9795106778632",
            "image": "http://placeimg.com/480/640/any",
            "published": "1988-07-05",
            "publisher": "Sapiente Et"
        },
        {
            "id": 2,
            "title": "Mock Turtle said.",
            "author": "Adelbert Bayer",
            "genre": "Unde",
            "description": "White Rabbit. She was close behind her, listening: so she set to work at once without waiting for the pool of tears which she had hurt the poor little thing sat down again very sadly and quietly.",
            "isbn": "9793086015631",
            "image": "http://placeimg.com/480/640/any",
            "published": "1982-05-27",
            "publisher": "Dignissimos Qui"
        },
        {
            "id": 3,
            "title": "THAT like?' said.",
            "author": "Aimee Smith",
            "genre": "Asperiores",
            "description": "Cheshire Cat, she was exactly the right way to explain the paper. 'If there's no use speaking to it,' she thought, 'and hand round the rosetree; for, you see, so many tea-things are put out here?'.",
            "isbn": "9788815624161",
            "image": "http://placeimg.com/480/640/any",
            "published": "1979-07-28",
            "publisher": "Error Omnis"
        },
        {
            "id": 4,
            "title": "I don't put my arm.",
            "author": "Hannah Anderson",
            "genre": "Recusandae",
            "description": "Arithmetic--Ambition, Distraction, Uglification, and Derision.' 'I never heard of \"Uglification,\"' Alice ventured to taste it, and found that, as nearly as large as the soldiers shouted in reply.",
            "isbn": "9783202540727",
            "image": "http://placeimg.com/480/640/any",
            "published": "1983-05-21",
            "publisher": "Natus Necessitatibus"
        },
        {
            "id": 5,
            "title": "Gryphon. 'We can.",
            "author": "Jaunita Mueller",
            "genre": "Aliquam",
            "description": "Mock Turtle. Alice was more hopeless than ever: she sat down a jar from one of the guinea-pigs cheered, and was going to be, from one end of your flamingo. Shall I try the patience of an oyster!' 'I.",
            "isbn": "9786119846135",
            "image": "http://placeimg.com/480/640/any",
            "published": "1978-09-14",
            "publisher": "Quia Alias"
        },
        {
            "id": 6,
            "title": "Bill had left off.",
            "author": "Dustin Kertzmann",
            "genre": "Ullam",
            "description": "Dormouse,' the Queen said severely 'Who is it I can't see you?' She was a dead silence. Alice noticed with some difficulty, as it was indeed: she was playing against herself, for she had never seen.",
            "isbn": "9798241277565",
            "image": "http://placeimg.com/480/640/any",
            "published": "1992-01-03",
            "publisher": "Inventore Ut"
        },
        {
            "id": 7,
            "title": "I should like to.",
            "author": "Keegan Brown",
            "genre": "Iure",
            "description": "Five! Don't go splashing paint over me like a snout than a rat-hole: she knelt down and cried. 'Come, there's no name signed at the frontispiece if you hold it too long; and that he had to stoop to.",
            "isbn": "9798696685526",
            "image": "http://placeimg.com/480/640/any",
            "published": "1970-01-11",
            "publisher": "Eius Eum"
        },
        {
            "id": 8,
            "title": "Tell us all about.",
            "author": "Clinton Lehner",
            "genre": "Cum",
            "description": "Alice. 'Why, SHE,' said the King, 'unless it was in the night? Let me think: was I the same side of WHAT?' thought Alice 'without pictures or conversations?' So she stood watching them, and the arm.",
            "isbn": "9794332161911",
            "image": "http://placeimg.com/480/640/any",
            "published": "2021-06-25",
            "publisher": "Ipsum Ut"
        },
        {
            "id": 9,
            "title": "Alice thought to.",
            "author": "Albertha Denesik",
            "genre": "Quia",
            "description": "Like a tea-tray in the wood,' continued the King. The White Rabbit with pink eyes ran close by her. There was nothing on it in a confused way, 'Prizes! Prizes!' Alice had learnt several things of.",
            "isbn": "9794318389803",
            "image": "http://placeimg.com/480/640/any",
            "published": "2016-10-18",
            "publisher": "Quisquam Ipsa"
        },
        {
            "id": 10,
            "title": "Luckily for Alice.",
            "author": "Consuelo Pfeffer",
            "genre": "Cupiditate",
            "description": "It's by far the most important piece of it at all,' said the Mock Turtle, suddenly dropping his voice; and Alice was beginning to end,' said the King. 'Nearly two miles high,' added the Gryphon; and.",
            "isbn": "9796346811561",
            "image": "http://placeimg.com/480/640/any",
            "published": "1997-11-03",
            "publisher": "Laudantium Expedita"
        }
    ]
}
  When I request books                    # stepdefinitions.BooksSteps.requestBooks()
  Then response status code should be 200 # stepdefinitions.CommonSteps.validateStatusCodeGeneric(int)
]]></system-out>
  </testcase>
  <testcase name="Get companies data" classname="Companies API" time="1.844">
    <system-out><![CDATA[
Scenario: Get companies data              # src/test/resources/features/companies.feature:3
  Given Faker API is ready                # stepdefinitions.CommonSteps.fakerApiReady()
Request method:	GET
Request URI:	https://fakerapi.it/api/v1/companies
Proxy:			<none>
Request params:	<none>
Query params:	<none>
Form params:	<none>
Path params:	<none>
Headers:		Accept=*/*
Cookies:		<none>
Multiparts:		<none>
Body:			<none>
Request method:	GET
Request URI:	https://fakerapi.it/api/v1/companies
Proxy:			<none>
Request params:	<none>
Query params:	<none>
Form params:	<none>
Path params:	<none>
Headers:		Accept=*/*
Cookies:		<none>
Multiparts:		<none>
Body:			<none>
Request method:	GET
Request URI:	https://fakerapi.it/api/v1/companies
Proxy:			<none>
Request params:	<none>
Query params:	<none>
Form params:	<none>
Path params:	<none>
Headers:		Accept=*/*
Cookies:		<none>
Multiparts:		<none>
Body:			<none>
HTTP/1.1 200 OK
Server: nginx
Content-Type: application/json
Transfer-Encoding: chunked
Connection: keep-alive
Vary: Accept-Encoding
X-Powered-By: PHP/8.3.8
Cache-Control: no-cache, private
Date: Mon, 12 Jan 2026 02:28:14 GMT
X-RateLimit-Limit: 60
X-RateLimit-Remaining: 57
Access-Control-Allow-Origin: *
X-UA-Compatible: IE=Edge,chrome=1
Content-Encoding: gzip

{
    "status": "OK",
    "code": 200,
    "locale": "en_US",
    "seed": null,
    "total": 10,
    "data": [
        {
            "id": 1,
            "name": "Herman Ltd",
            "email": "xheathcote@cartwright.com",
            "vat": "26669949527",
            "phone": "+13472406566",
            "country": "Mauritius",
            "addresses": [
                {
                    "id": 1,
                    "street": "435 Yundt Lock",
                    "streetName": "Margie Canyon",
                    "buildingNumber": "633",
                    "city": "East Felipahaven",
                    "zipcode": "44818-8807",
                    "country": "Bahamas",
                    "country_code": "BS",
                    "latitude": -1.509483,
                    "longitude": -77.566564
                },
                {
                    "id": 1,
                    "street": "21713 Jamison Plaza Apt. 135",
                    "streetName": "Gaetano Cliff",
                    "buildingNumber": "826",
                    "city": "South Sherwood",
                    "zipcode": "94225-3463",
                    "country": "Vietnam",
                    "country_code": "VN",
                    "latitude": 69.721413,
                    "longitude": 28.82495
                },
                {
                    "id": 1,
                    "street": "346 Angela Mills Suite 436",
                    "streetName": "Elisha Neck",
                    "buildingNumber": "41408",
                    "city": "Johnsburgh",
                    "zipcode": "81454",
                    "country": "Pitcairn Islands",
                    "country_code": "PN",
                    "latitude": -58.485723,
                    "longitude": -41.60924
                },
                {
                    "id": 1,
                    "street": "26080 Ernestina Skyway",
                    "streetName": "Orpha Island",
                    "buildingNumber": "850",
                    "city": "Everettside",
                    "zipcode": "13002",
                    "country": "St. Helena",
                    "country_code": "SH",
                    "latitude": 80.94496,
                    "longitude": 27.655395
                },
                {
                    "id": 1,
                    "street": "62177 Johns Stravenue",
                    "streetName": "Cyril Mission",
                    "buildingNumber": "3059",
                    "city": "Lake Minatown",
                    "zipcode": "70875-1087",
                    "country": "Croatia",
                    "country_code": "HR",
                    "latitude": 23.987238,
                    "longitude": -14.873348
                }
            ],
            "website": "http://weber.biz",
            "image": "http://placeimg.com/640/480/people",
            "contact": {
                "id": 1,
                "firstname": "Loraine",
                "lastname": "Trantow",
                "email": "jprosacco@gmail.com",
                "phone": "+16629491509",
                "birthday": "1986-03-16",
                "gender": "female",
                "address": {
                    "id": 1,
                    "street": "170 Beatty Mountain",
                    "streetName": "Hills Hollow",
                    "buildingNumber": "969",
                    "city": "Sageville",
                    "zipcode": "02206-0257",
                    "country": "Cocos (Keeling) Islands",
                    "country_code": "CC",
                    "latitude": -55.740384,
                    "longitude": -136.710638
                },
                "website": "http://boyle.info",
                "image": "http://placeimg.com/640/480/people"
            }
        },
        {
            "id": 2,
            "name": "Osinski and Sons",
            "email": "nova.abshire@morar.com",
            "vat": "78884392",
            "phone": "+19284081247",
            "country": "Burkina Faso",
            "addresses": [
                {
                    "id": 1,
                    "street": "267 O'Connell Avenue",
                    "streetName": "Abagail Loop",
                    "buildingNumber": "5375",
                    "city": "Jayceville",
                    "zipcode": "18425-3425",
                    "country": "Central African Republic",
                    "country_code": "CF",
                    "latitude": 64.163603,
                    "longitude": 55.123943
                }
            ],
            "website": "http://douglas.com",
            "image": "http://placeimg.com/640/480/people",
            "contact": {
                "id": 1,
                "firstname": "Dahlia",
                "lastname": "Mueller",
                "email": "gleichner.adolphus@yahoo.com",
                "phone": "+12098380374",
                "birthday": "1950-02-23",
                "gender": "female",
                "address": {
                    "id": 1,
                    "street": "7965 Damien Walks Suite 226",
                    "streetName": "Laurel Avenue",
                    "buildingNumber": "78418",
                    "city": "North Abner",
                    "zipcode": "56145-2651",
                    "country": "Montserrat",
                    "country_code": "MS",
                    "latitude": 77.216591,
                    "longitude": 99.267492
                },
                "website": "http://robel.biz",
                "image": "http://placeimg.com/640/480/people"
            }
        },
        {
            "id": 3,
            "name": "Maggio, Murray and Zieme",
            "email": "lynch.braxton@okeefe.com",
            "vat": "990662399",
            "phone": "+17478618928",
            "country": "Australia",
            "addresses": [
                {
                    "id": 1,
                    "street": "78786 Gottlieb Field Suite 805",
                    "streetName": "Darius Fords",
                    "buildingNumber": "5492",
                    "city": "Lake Lesley",
                    "zipcode": "31000-3664",
                    "country": "French Guiana",
                    "country_code": "GF",
                    "latitude": 62.946855,
                    "longitude": 32.744142
                },
                {
                    "id": 1,
                    "street": "6934 Schaefer Mountains",
                    "streetName": "Judd Rest",
                    "buildingNumber": "58546",
                    "city": "Rempelchester",
                    "zipcode": "46672",
                    "country": "Azerbaijan",
                    "country_code": "AZ",
                    "latitude": 45.628622,
                    "longitude": -119.141952
                }
            ],
            "website": "http://heller.com",
            "image": "http://placeimg.com/640/480/people",
            "contact": {
                "id": 1,
                "firstname": "Prince",
                "lastname": "Eichmann",
                "email": "jackie.skiles@nitzsche.com",
                "phone": "+13038646098",
                "birthday": "2013-08-12",
                "gender": "male",
                "address": {
                    "id": 1,
                    "street": "56263 Cremin Path Suite 648",
                    "streetName": "Corine Falls",
                    "buildingNumber": "259",
                    "city": "New Unamouth",
                    "zipcode": "55715-9205",
                    "country": "St. Kitts & Nevis",
                    "country_code": "KN",
                    "latitude": 19.4448,
                    "longitude": -80.35253
                },
                "website": "http://walsh.com",
                "image": "http://placeimg.com/640/480/people"
            }
        },
        {
            "id": 4,
            "name": "Harber, Langosh and Langworth",
            "email": "amitchell@ondricka.info",
            "vat": "48015706581",
            "phone": "+12486864118",
            "country": "Slovenia",
            "addresses": [
                {
                    "id": 1,
                    "street": "69427 McKenzie Port Apt. 439",
                    "streetName": "Muller Plains",
                    "buildingNumber": "2577",
                    "city": "North Brielle",
                    "zipcode": "17299",
                    "country": "Pakistan",
                    "country_code": "PK",
                    "latitude": -9.511935,
                    "longitude": 10.757095
                },
                {
                    "id": 1,
                    "street": "277 Bernhard Walk Suite 919",
                    "streetName": "Florine Estate",
                    "buildingNumber": "5055",
                    "city": "Port Mazie",
                    "zipcode": "97043-8589",
                    "country": "Indonesia",
                    "country_code": "ID",
                    "latitude": 4.501603,
                    "longitude": -152.772132
                },
                {
                    "id": 1,
                    "street": "603 Osinski Rapids",
                    "streetName": "Huel Club",
                    "buildingNumber": "94492",
                    "city": "Lexiport",
                    "zipcode": "40445-0216",
                    "country": "St. Martin",
                    "country_code": "MF",
                    "latitude": 33.12379,
                    "longitude": 44.745671
                },
                {
                    "id": 1,
                    "street": "9589 Champlin Village Apt. 306",
                    "streetName": "Rowe Mount",
                    "buildingNumber": "47021",
                    "city": "Rorymouth",
                    "zipcode": "39267-9603",
                    "country": "Puerto Rico",
                    "country_code": "PR",
                    "latitude": -8.472817,
                    "longitude": 143.155969
                }
            ],
            "website": "http://kirlin.com",
            "image": "http://placeimg.com/640/480/people",
            "contact": {
                "id": 1,
                "firstname": "Zoila",
                "lastname": "Shanahan",
                "email": "lulu.spencer@nader.net",
                "phone": "+14759350534",
                "birthday": "2001-10-30",
                "gender": "female",
                "address": {
                    "id": 1,
                    "street": "5555 Rasheed Track",
                    "streetName": "Alec Skyway",
                    "buildingNumber": "350",
                    "city": "Homenickmouth",
                    "zipcode": "45778-3794",
                    "country": "Eritrea",
                    "country_code": "ER",
                    "latitude": -19.864941,
                    "longitude": 58.859093
                },
                "website": "http://witting.biz",
                "image": "http://placeimg.com/640/480/people"
            }
        },
        {
            "id": 5,
            "name": "Beahan LLC",
            "email": "wmraz@schaefer.biz",
            "vat": "19084715",
            "phone": "+18788967371",
            "country": "Pitcairn Islands",
            "addresses": [
                {
                    "id": 1,
                    "street": "2277 Tara Valley",
                    "streetName": "Borer Mews",
                    "buildingNumber": "8421",
                    "city": "Onashire",
                    "zipcode": "28148-8876",
                    "country": "Rwanda",
                    "country_code": "RW",
                    "latitude": -15.150654,
                    "longitude": -65.321622
                }
            ],
            "website": "http://schneider.com",
            "image": "http://placeimg.com/640/480/people",
            "contact": {
                "id": 1,
                "firstname": "Mossie",
                "lastname": "Koelpin",
                "email": "barton.keyshawn@kling.biz",
                "phone": "+18307443312",
                "birthday": "1947-06-26",
                "gender": "female",
                "address": {
                    "id": 1,
                    "street": "851 Kreiger Square Apt. 068",
                    "streetName": "Boehm Plains",
                    "buildingNumber": "37026",
                    "city": "East Lavern",
                    "zipcode": "71403",
                    "country": "Falkland Islands",
                    "country_code": "FK",
                    "latitude": 83.487555,
                    "longitude": -83.057692
                },
                "website": "http://becker.biz",
                "image": "http://placeimg.com/640/480/people"
            }
        },
        {
            "id": 6,
            "name": "Fay, Wintheiser and Schuppe",
            "email": "christy.hauck@hotmail.com",
            "vat": "8911713791",
            "phone": "+12399599119",
            "country": "Denmark",
            "addresses": [
                {
                    "id": 1,
                    "street": "24929 Feest Junctions Suite 492",
                    "streetName": "Jorge Fords",
                    "buildingNumber": "52361",
                    "city": "East Addisonport",
                    "zipcode": "90557",
                    "country": "Suriname",
                    "country_code": "SR",
                    "latitude": -66.5071,
                    "longitude": -166.83601
                }
            ],
            "website": "http://watsica.com",
            "image": "http://placeimg.com/640/480/people",
            "contact": {
                "id": 1,
                "firstname": "Joanie",
                "lastname": "Welch",
                "email": "kstamm@johnston.biz",
                "phone": "+17013562784",
                "birthday": "2021-11-05",
                "gender": "female",
                "address": {
                    "id": 1,
                    "street": "338 Tiara River",
                    "streetName": "Mertz Ramp",
                    "buildingNumber": "27637",
                    "city": "South Deondremouth",
                    "zipcode": "79734",
                    "country": "Slovakia",
                    "country_code": "SK",
                    "latitude": 76.86629,
                    "longitude": -103.906283
                },
                "website": "http://johns.net",
                "image": "http://placeimg.com/640/480/people"
            }
        },
        {
            "id": 7,
            "name": "Gorczany-Hand",
            "email": "odessa88@mohr.com",
            "vat": "9818328675",
            "phone": "+13213513974",
            "country": "Honduras",
            "addresses": [
                {
                    "id": 1,
                    "street": "6579 Eliezer Station Suite 299",
                    "streetName": "Madge Place",
                    "buildingNumber": "19324",
                    "city": "Hellertown",
                    "zipcode": "14330-3115",
                    "country": "Peru",
                    "country_code": "PE",
                    "latitude": 21.35398,
                    "longitude": 138.46829
                },
                {
                    "id": 1,
                    "street": "704 Tre Stravenue Apt. 555",
                    "streetName": "Waters Wall",
                    "buildingNumber": "5766",
                    "city": "New Noel",
                    "zipcode": "78957",
                    "country": "Nepal",
                    "country_code": "NP",
                    "latitude": -85.527708,
                    "longitude": 10.658745
                }
            ],
            "website": "http://schaefer.com",
            "image": "http://placeimg.com/640/480/people",
            "contact": {
                "id": 1,
                "firstname": "Laney",
                "lastname": "Collier",
                "email": "leuschke.gustave@yahoo.com",
                "phone": "+15596257008",
                "birthday": "2005-07-21",
                "gender": "female",
                "address": {
                    "id": 1,
                    "street": "6465 Jerrell Stream",
                    "streetName": "Velda Walk",
                    "buildingNumber": "626",
                    "city": "Joshuahborough",
                    "zipcode": "55068",
                    "country": "Gibraltar",
                    "country_code": "GI",
                    "latitude": 72.110151,
                    "longitude": -99.201788
                },
                "website": "http://kris.com",
                "image": "http://placeimg.com/640/480/people"
            }
        },
        {
            "id": 8,
            "name": "Bogisich and Sons",
            "email": "milo.veum@kuhic.com",
            "vat": "9950415273",
            "phone": "+13239402560",
            "country": "Costa Rica",
            "addresses": [
                {
                    "id": 1,
                    "street": "13184 Dortha Villages",
                    "streetName": "Meggie Falls",
                    "buildingNumber": "92811",
                    "city": "Bernadetteland",
                    "zipcode": "30462-8952",
                    "country": "Palau",
                    "country_code": "PW",
                    "latitude": -29.273559,
                    "longitude": -51.325214
                },
                {
                    "id": 1,
                    "street": "419 Jose Rapid",
                    "streetName": "Kiehn Fields",
                    "buildingNumber": "853",
                    "city": "Blandaton",
                    "zipcode": "24262-6257",
                    "country": "Mayotte",
                    "country_code": "YT",
                    "latitude": 3.640442,
                    "longitude": 103.04786
                },
                {
                    "id": 1,
                    "street": "539 Adams Islands Apt. 384",
                    "streetName": "McKenzie Viaduct",
                    "buildingNumber": "7216",
                    "city": "New Wilmer",
                    "zipcode": "82034",
                    "country": "Turkmenistan",
                    "country_code": "TM",
                    "latitude": 54.771405,
                    "longitude": 84.242003
                }
            ],
            "website": "http://fahey.com",
            "image": "http://placeimg.com/640/480/people",
            "contact": {
                "id": 1,
                "firstname": "Caleigh",
                "lastname": "Green",
                "email": "camryn20@gaylord.com",
                "phone": "+18643823572",
                "birthday": "2002-02-23",
                "gender": "female",
                "address": {
                    "id": 1,
                    "street": "6249 Parker Mountain",
                    "streetName": "Alisha Orchard",
                    "buildingNumber": "599",
                    "city": "South Payton",
                    "zipcode": "01702-0692",
                    "country": "St. Kitts & Nevis",
                    "country_code": "KN",
                    "latitude": 82.863012,
                    "longitude": 139.724978
                },
                "website": "http://crona.com",
                "image": "http://placeimg.com/640/480/people"
            }
        },
        {
            "id": 9,
            "name": "Cummings and Sons",
            "email": "schuster.althea@hills.com",
            "vat": "87138478753",
            "phone": "+13852735769",
            "country": "Guadeloupe",
            "addresses": [
                {
                    "id": 1,
                    "street": "1861 Cyril Loaf",
                    "streetName": "Williamson Turnpike",
                    "buildingNumber": "6604",
                    "city": "Reichelshire",
                    "zipcode": "67911-7163",
                    "country": "Poland",
                    "country_code": "PL",
                    "latitude": -56.314872,
                    "longitude": 18.291884
                },
                {
                    "id": 1,
                    "street": "5535 Ardith Inlet Suite 972",
                    "streetName": "Patience Groves",
                    "buildingNumber": "878",
                    "city": "Erickastad",
                    "zipcode": "79089-4915",
                    "country": "Congo - Brazzaville",
                    "country_code": "CG",
                    "latitude": -40.64226,
                    "longitude": -158.667059
                },
                {
                    "id": 1,
                    "street": "6029 Skye Meadows Apt. 274",
                    "streetName": "Nienow Brook",
                    "buildingNumber": "878",
                    "city": "Reingerburgh",
                    "zipcode": "56012",
                    "country": "Spain",
                    "country_code": "ES",
                    "latitude": -25.6343,
                    "longitude": 76.663955
                }
            ],
            "website": "http://waelchi.com",
            "image": "http://placeimg.com/640/480/people",
            "contact": {
                "id": 1,
                "firstname": "Nikolas",
                "lastname": "Gorczany",
                "email": "zhammes@dibbert.com",
                "phone": "+18452575528",
                "birthday": "2019-03-03",
                "gender": "male",
                "address": {
                    "id": 1,
                    "street": "2724 Rolfson Ridge",
                    "streetName": "Vesta Land",
                    "buildingNumber": "64996",
                    "city": "Kenyonshire",
                    "zipcode": "97222",
                    "country": "Vietnam",
                    "country_code": "VN",
                    "latitude": -46.83297,
                    "longitude": -71.410604
                },
                "website": "http://collier.com",
                "image": "http://placeimg.com/640/480/people"
            }
        },
        {
            "id": 10,
            "name": "Parisian Group",
            "email": "trey.torphy@senger.org",
            "vat": "74846022",
            "phone": "+16789191872",
            "country": "Sweden",
            "addresses": [
                {
                    "id": 1,
                    "street": "179 Fabian Point",
                    "streetName": "Deshawn Flats",
                    "buildingNumber": "2861",
                    "city": "Marvinmouth",
                    "zipcode": "63313-0743",
                    "country": "Taiwan",
                    "country_code": "TW",
                    "latitude": 19.571283,
                    "longitude": 99.010634
                }
            ],
            "website": "http://wisozk.org",
            "image": "http://placeimg.com/640/480/people",
            "contact": {
                "id": 1,
                "firstname": "Courtney",
                "lastname": "Jerde",
                "email": "kristofer31@anderson.biz",
                "phone": "+12313714707",
                "birthday": "2023-05-17",
                "gender": "female",
                "address": {
                    "id": 1,
                    "street": "838 Demarco Mews",
                    "streetName": "Norberto Courts",
                    "buildingNumber": "253",
                    "city": "Revaborough",
                    "zipcode": "43231-1046",
                    "country": "Armenia",
                    "country_code": "AM",
                    "latitude": -42.280537,
                    "longitude": -61.797949
                },
                "website": "http://smith.biz",
                "image": "http://placeimg.com/640/480/people"
            }
        }
    ]
}
HTTP/1.1 200 OK
Server: nginx
Content-Type: application/json
Transfer-Encoding: chunked
Connection: keep-alive
Vary: Accept-Encoding
X-Powered-By: PHP/8.3.8
Cache-Control: no-cache, private
Date: Mon, 12 Jan 2026 02:28:14 GMT
X-RateLimit-Limit: 60
X-RateLimit-Remaining: 57
Access-Control-Allow-Origin: *
X-UA-Compatible: IE=Edge,chrome=1
Content-Encoding: gzip

{
    "status": "OK",
    "code": 200,
    "locale": "en_US",
    "seed": null,
    "total": 10,
    "data": [
        {
            "id": 1,
            "name": "Herman Ltd",
            "email": "xheathcote@cartwright.com",
            "vat": "26669949527",
            "phone": "+13472406566",
            "country": "Mauritius",
            "addresses": [
                {
                    "id": 1,
                    "street": "435 Yundt Lock",
                    "streetName": "Margie Canyon",
                    "buildingNumber": "633",
                    "city": "East Felipahaven",
                    "zipcode": "44818-8807",
                    "country": "Bahamas",
                    "country_code": "BS",
                    "latitude": -1.509483,
                    "longitude": -77.566564
                },
                {
                    "id": 1,
                    "street": "21713 Jamison Plaza Apt. 135",
                    "streetName": "Gaetano Cliff",
                    "buildingNumber": "826",
                    "city": "South Sherwood",
                    "zipcode": "94225-3463",
                    "country": "Vietnam",
                    "country_code": "VN",
                    "latitude": 69.721413,
                    "longitude": 28.82495
                },
                {
                    "id": 1,
                    "street": "346 Angela Mills Suite 436",
                    "streetName": "Elisha Neck",
                    "buildingNumber": "41408",
                    "city": "Johnsburgh",
                    "zipcode": "81454",
                    "country": "Pitcairn Islands",
                    "country_code": "PN",
                    "latitude": -58.485723,
                    "longitude": -41.60924
                },
                {
                    "id": 1,
                    "street": "26080 Ernestina Skyway",
                    "streetName": "Orpha Island",
                    "buildingNumber": "850",
                    "city": "Everettside",
                    "zipcode": "13002",
                    "country": "St. Helena",
                    "country_code": "SH",
                    "latitude": 80.94496,
                    "longitude": 27.655395
                },
                {
                    "id": 1,
                    "street": "62177 Johns Stravenue",
                    "streetName": "Cyril Mission",
                    "buildingNumber": "3059",
                    "city": "Lake Minatown",
                    "zipcode": "70875-1087",
                    "country": "Croatia",
                    "country_code": "HR",
                    "latitude": 23.987238,
                    "longitude": -14.873348
                }
            ],
            "website": "http://weber.biz",
            "image": "http://placeimg.com/640/480/people",
            "contact": {
                "id": 1,
                "firstname": "Loraine",
                "lastname": "Trantow",
                "email": "jprosacco@gmail.com",
                "phone": "+16629491509",
                "birthday": "1986-03-16",
                "gender": "female",
                "address": {
                    "id": 1,
                    "street": "170 Beatty Mountain",
                    "streetName": "Hills Hollow",
                    "buildingNumber": "969",
                    "city": "Sageville",
                    "zipcode": "02206-0257",
                    "country": "Cocos (Keeling) Islands",
                    "country_code": "CC",
                    "latitude": -55.740384,
                    "longitude": -136.710638
                },
                "website": "http://boyle.info",
                "image": "http://placeimg.com/640/480/people"
            }
        },
        {
            "id": 2,
            "name": "Osinski and Sons",
            "email": "nova.abshire@morar.com",
            "vat": "78884392",
            "phone": "+19284081247",
            "country": "Burkina Faso",
            "addresses": [
                {
                    "id": 1,
                    "street": "267 O'Connell Avenue",
                    "streetName": "Abagail Loop",
                    "buildingNumber": "5375",
                    "city": "Jayceville",
                    "zipcode": "18425-3425",
                    "country": "Central African Republic",
                    "country_code": "CF",
                    "latitude": 64.163603,
                    "longitude": 55.123943
                }
            ],
            "website": "http://douglas.com",
            "image": "http://placeimg.com/640/480/people",
            "contact": {
                "id": 1,
                "firstname": "Dahlia",
                "lastname": "Mueller",
                "email": "gleichner.adolphus@yahoo.com",
                "phone": "+12098380374",
                "birthday": "1950-02-23",
                "gender": "female",
                "address": {
                    "id": 1,
                    "street": "7965 Damien Walks Suite 226",
                    "streetName": "Laurel Avenue",
                    "buildingNumber": "78418",
                    "city": "North Abner",
                    "zipcode": "56145-2651",
                    "country": "Montserrat",
                    "country_code": "MS",
                    "latitude": 77.216591,
                    "longitude": 99.267492
                },
                "website": "http://robel.biz",
                "image": "http://placeimg.com/640/480/people"
            }
        },
        {
            "id": 3,
            "name": "Maggio, Murray and Zieme",
            "email": "lynch.braxton@okeefe.com",
            "vat": "990662399",
            "phone": "+17478618928",
            "country": "Australia",
            "addresses": [
                {
                    "id": 1,
                    "street": "78786 Gottlieb Field Suite 805",
                    "streetName": "Darius Fords",
                    "buildingNumber": "5492",
                    "city": "Lake Lesley",
                    "zipcode": "31000-3664",
                    "country": "French Guiana",
                    "country_code": "GF",
                    "latitude": 62.946855,
                    "longitude": 32.744142
                },
                {
                    "id": 1,
                    "street": "6934 Schaefer Mountains",
                    "streetName": "Judd Rest",
                    "buildingNumber": "58546",
                    "city": "Rempelchester",
                    "zipcode": "46672",
                    "country": "Azerbaijan",
                    "country_code": "AZ",
                    "latitude": 45.628622,
                    "longitude": -119.141952
                }
            ],
            "website": "http://heller.com",
            "image": "http://placeimg.com/640/480/people",
            "contact": {
                "id": 1,
                "firstname": "Prince",
                "lastname": "Eichmann",
                "email": "jackie.skiles@nitzsche.com",
                "phone": "+13038646098",
                "birthday": "2013-08-12",
                "gender": "male",
                "address": {
                    "id": 1,
                    "street": "56263 Cremin Path Suite 648",
                    "streetName": "Corine Falls",
                    "buildingNumber": "259",
                    "city": "New Unamouth",
                    "zipcode": "55715-9205",
                    "country": "St. Kitts & Nevis",
                    "country_code": "KN",
                    "latitude": 19.4448,
                    "longitude": -80.35253
                },
                "website": "http://walsh.com",
                "image": "http://placeimg.com/640/480/people"
            }
        },
        {
            "id": 4,
            "name": "Harber, Langosh and Langworth",
            "email": "amitchell@ondricka.info",
            "vat": "48015706581",
            "phone": "+12486864118",
            "country": "Slovenia",
            "addresses": [
                {
                    "id": 1,
                    "street": "69427 McKenzie Port Apt. 439",
                    "streetName": "Muller Plains",
                    "buildingNumber": "2577",
                    "city": "North Brielle",
                    "zipcode": "17299",
                    "country": "Pakistan",
                    "country_code": "PK",
                    "latitude": -9.511935,
                    "longitude": 10.757095
                },
                {
                    "id": 1,
                    "street": "277 Bernhard Walk Suite 919",
                    "streetName": "Florine Estate",
                    "buildingNumber": "5055",
                    "city": "Port Mazie",
                    "zipcode": "97043-8589",
                    "country": "Indonesia",
                    "country_code": "ID",
                    "latitude": 4.501603,
                    "longitude": -152.772132
                },
                {
                    "id": 1,
                    "street": "603 Osinski Rapids",
                    "streetName": "Huel Club",
                    "buildingNumber": "94492",
                    "city": "Lexiport",
                    "zipcode": "40445-0216",
                    "country": "St. Martin",
                    "country_code": "MF",
                    "latitude": 33.12379,
                    "longitude": 44.745671
                },
                {
                    "id": 1,
                    "street": "9589 Champlin Village Apt. 306",
                    "streetName": "Rowe Mount",
                    "buildingNumber": "47021",
                    "city": "Rorymouth",
                    "zipcode": "39267-9603",
                    "country": "Puerto Rico",
                    "country_code": "PR",
                    "latitude": -8.472817,
                    "longitude": 143.155969
                }
            ],
            "website": "http://kirlin.com",
            "image": "http://placeimg.com/640/480/people",
            "contact": {
                "id": 1,
                "firstname": "Zoila",
                "lastname": "Shanahan",
                "email": "lulu.spencer@nader.net",
                "phone": "+14759350534",
                "birthday": "2001-10-30",
                "gender": "female",
                "address": {
                    "id": 1,
                    "street": "5555 Rasheed Track",
                    "streetName": "Alec Skyway",
                    "buildingNumber": "350",
                    "city": "Homenickmouth",
                    "zipcode": "45778-3794",
                    "country": "Eritrea",
                    "country_code": "ER",
                    "latitude": -19.864941,
                    "longitude": 58.859093
                },
                "website": "http://witting.biz",
                "image": "http://placeimg.com/640/480/people"
            }
        },
        {
            "id": 5,
            "name": "Beahan LLC",
            "email": "wmraz@schaefer.biz",
            "vat": "19084715",
            "phone": "+18788967371",
            "country": "Pitcairn Islands",
            "addresses": [
                {
                    "id": 1,
                    "street": "2277 Tara Valley",
                    "streetName": "Borer Mews",
                    "buildingNumber": "8421",
                    "city": "Onashire",
                    "zipcode": "28148-8876",
                    "country": "Rwanda",
                    "country_code": "RW",
                    "latitude": -15.150654,
                    "longitude": -65.321622
                }
            ],
            "website": "http://schneider.com",
            "image": "http://placeimg.com/640/480/people",
            "contact": {
                "id": 1,
                "firstname": "Mossie",
                "lastname": "Koelpin",
                "email": "barton.keyshawn@kling.biz",
                "phone": "+18307443312",
                "birthday": "1947-06-26",
                "gender": "female",
                "address": {
                    "id": 1,
                    "street": "851 Kreiger Square Apt. 068",
                    "streetName": "Boehm Plains",
                    "buildingNumber": "37026",
                    "city": "East Lavern",
                    "zipcode": "71403",
                    "country": "Falkland Islands",
                    "country_code": "FK",
                    "latitude": 83.487555,
                    "longitude": -83.057692
                },
                "website": "http://becker.biz",
                "image": "http://placeimg.com/640/480/people"
            }
        },
        {
            "id": 6,
            "name": "Fay, Wintheiser and Schuppe",
            "email": "christy.hauck@hotmail.com",
            "vat": "8911713791",
            "phone": "+12399599119",
            "country": "Denmark",
            "addresses": [
                {
                    "id": 1,
                    "street": "24929 Feest Junctions Suite 492",
                    "streetName": "Jorge Fords",
                    "buildingNumber": "52361",
                    "city": "East Addisonport",
                    "zipcode": "90557",
                    "country": "Suriname",
                    "country_code": "SR",
                    "latitude": -66.5071,
                    "longitude": -166.83601
                }
            ],
            "website": "http://watsica.com",
            "image": "http://placeimg.com/640/480/people",
            "contact": {
                "id": 1,
                "firstname": "Joanie",
                "lastname": "Welch",
                "email": "kstamm@johnston.biz",
                "phone": "+17013562784",
                "birthday": "2021-11-05",
                "gender": "female",
                "address": {
                    "id": 1,
                    "street": "338 Tiara River",
                    "streetName": "Mertz Ramp",
                    "buildingNumber": "27637",
                    "city": "South Deondremouth",
                    "zipcode": "79734",
                    "country": "Slovakia",
                    "country_code": "SK",
                    "latitude": 76.86629,
                    "longitude": -103.906283
                },
                "website": "http://johns.net",
                "image": "http://placeimg.com/640/480/people"
            }
        },
        {
            "id": 7,
            "name": "Gorczany-Hand",
            "email": "odessa88@mohr.com",
            "vat": "9818328675",
            "phone": "+13213513974",
            "country": "Honduras",
            "addresses": [
                {
                    "id": 1,
                    "street": "6579 Eliezer Station Suite 299",
                    "streetName": "Madge Place",
                    "buildingNumber": "19324",
                    "city": "Hellertown",
                    "zipcode": "14330-3115",
                    "country": "Peru",
                    "country_code": "PE",
                    "latitude": 21.35398,
                    "longitude": 138.46829
                },
                {
                    "id": 1,
                    "street": "704 Tre Stravenue Apt. 555",
                    "streetName": "Waters Wall",
                    "buildingNumber": "5766",
                    "city": "New Noel",
                    "zipcode": "78957",
                    "country": "Nepal",
                    "country_code": "NP",
                    "latitude": -85.527708,
                    "longitude": 10.658745
                }
            ],
            "website": "http://schaefer.com",
            "image": "http://placeimg.com/640/480/people",
            "contact": {
                "id": 1,
                "firstname": "Laney",
                "lastname": "Collier",
                "email": "leuschke.gustave@yahoo.com",
                "phone": "+15596257008",
                "birthday": "2005-07-21",
                "gender": "female",
                "address": {
                    "id": 1,
                    "street": "6465 Jerrell Stream",
                    "streetName": "Velda Walk",
                    "buildingNumber": "626",
                    "city": "Joshuahborough",
                    "zipcode": "55068",
                    "country": "Gibraltar",
                    "country_code": "GI",
                    "latitude": 72.110151,
                    "longitude": -99.201788
                },
                "website": "http://kris.com",
                "image": "http://placeimg.com/640/480/people"
            }
        },
        {
            "id": 8,
            "name": "Bogisich and Sons",
            "email": "milo.veum@kuhic.com",
            "vat": "9950415273",
            "phone": "+13239402560",
            "country": "Costa Rica",
            "addresses": [
                {
                    "id": 1,
                    "street": "13184 Dortha Villages",
                    "streetName": "Meggie Falls",
                    "buildingNumber": "92811",
                    "city": "Bernadetteland",
                    "zipcode": "30462-8952",
                    "country": "Palau",
                    "country_code": "PW",
                    "latitude": -29.273559,
                    "longitude": -51.325214
                },
                {
                    "id": 1,
                    "street": "419 Jose Rapid",
                    "streetName": "Kiehn Fields",
                    "buildingNumber": "853",
                    "city": "Blandaton",
                    "zipcode": "24262-6257",
                    "country": "Mayotte",
                    "country_code": "YT",
                    "latitude": 3.640442,
                    "longitude": 103.04786
                },
                {
                    "id": 1,
                    "street": "539 Adams Islands Apt. 384",
                    "streetName": "McKenzie Viaduct",
                    "buildingNumber": "7216",
                    "city": "New Wilmer",
                    "zipcode": "82034",
                    "country": "Turkmenistan",
                    "country_code": "TM",
                    "latitude": 54.771405,
                    "longitude": 84.242003
                }
            ],
            "website": "http://fahey.com",
            "image": "http://placeimg.com/640/480/people",
            "contact": {
                "id": 1,
                "firstname": "Caleigh",
                "lastname": "Green",
                "email": "camryn20@gaylord.com",
                "phone": "+18643823572",
                "birthday": "2002-02-23",
                "gender": "female",
                "address": {
                    "id": 1,
                    "street": "6249 Parker Mountain",
                    "streetName": "Alisha Orchard",
                    "buildingNumber": "599",
                    "city": "South Payton",
                    "zipcode": "01702-0692",
                    "country": "St. Kitts & Nevis",
                    "country_code": "KN",
                    "latitude": 82.863012,
                    "longitude": 139.724978
                },
                "website": "http://crona.com",
                "image": "http://placeimg.com/640/480/people"
            }
        },
        {
            "id": 9,
            "name": "Cummings and Sons",
            "email": "schuster.althea@hills.com",
            "vat": "87138478753",
            "phone": "+13852735769",
            "country": "Guadeloupe",
            "addresses": [
                {
                    "id": 1,
                    "street": "1861 Cyril Loaf",
                    "streetName": "Williamson Turnpike",
                    "buildingNumber": "6604",
                    "city": "Reichelshire",
                    "zipcode": "67911-7163",
                    "country": "Poland",
                    "country_code": "PL",
                    "latitude": -56.314872,
                    "longitude": 18.291884
                },
                {
                    "id": 1,
                    "street": "5535 Ardith Inlet Suite 972",
                    "streetName": "Patience Groves",
                    "buildingNumber": "878",
                    "city": "Erickastad",
                    "zipcode": "79089-4915",
                    "country": "Congo - Brazzaville",
                    "country_code": "CG",
                    "latitude": -40.64226,
                    "longitude": -158.667059
                },
                {
                    "id": 1,
                    "street": "6029 Skye Meadows Apt. 274",
                    "streetName": "Nienow Brook",
                    "buildingNumber": "878",
                    "city": "Reingerburgh",
                    "zipcode": "56012",
                    "country": "Spain",
                    "country_code": "ES",
                    "latitude": -25.6343,
                    "longitude": 76.663955
                }
            ],
            "website": "http://waelchi.com",
            "image": "http://placeimg.com/640/480/people",
            "contact": {
                "id": 1,
                "firstname": "Nikolas",
                "lastname": "Gorczany",
                "email": "zhammes@dibbert.com",
                "phone": "+18452575528",
                "birthday": "2019-03-03",
                "gender": "male",
                "address": {
                    "id": 1,
                    "street": "2724 Rolfson Ridge",
                    "streetName": "Vesta Land",
                    "buildingNumber": "64996",
                    "city": "Kenyonshire",
                    "zipcode": "97222",
                    "country": "Vietnam",
                    "country_code": "VN",
                    "latitude": -46.83297,
                    "longitude": -71.410604
                },
                "website": "http://collier.com",
                "image": "http://placeimg.com/640/480/people"
            }
        },
        {
            "id": 10,
            "name": "Parisian Group",
            "email": "trey.torphy@senger.org",
            "vat": "74846022",
            "phone": "+16789191872",
            "country": "Sweden",
            "addresses": [
                {
                    "id": 1,
                    "street": "179 Fabian Point",
                    "streetName": "Deshawn Flats",
                    "buildingNumber": "2861",
                    "city": "Marvinmouth",
                    "zipcode": "63313-0743",
                    "country": "Taiwan",
                    "country_code": "TW",
                    "latitude": 19.571283,
                    "longitude": 99.010634
                }
            ],
            "website": "http://wisozk.org",
            "image": "http://placeimg.com/640/480/people",
            "contact": {
                "id": 1,
                "firstname": "Courtney",
                "lastname": "Jerde",
                "email": "kristofer31@anderson.biz",
                "phone": "+12313714707",
                "birthday": "2023-05-17",
                "gender": "female",
                "address": {
                    "id": 1,
                    "street": "838 Demarco Mews",
                    "streetName": "Norberto Courts",
                    "buildingNumber": "253",
                    "city": "Revaborough",
                    "zipcode": "43231-1046",
                    "country": "Armenia",
                    "country_code": "AM",
                    "latitude": -42.280537,
                    "longitude": -61.797949
                },
                "website": "http://smith.biz",
                "image": "http://placeimg.com/640/480/people"
            }
        }
    ]
}
HTTP/1.1 200 OK
Server: nginx
Content-Type: application/json
Transfer-Encoding: chunked
Connection: keep-alive
Vary: Accept-Encoding
X-Powered-By: PHP/8.3.8
Cache-Control: no-cache, private
Date: Mon, 12 Jan 2026 02:28:14 GMT
X-RateLimit-Limit: 60
X-RateLimit-Remaining: 57
Access-Control-Allow-Origin: *
X-UA-Compatible: IE=Edge,chrome=1
Content-Encoding: gzip

{
    "status": "OK",
    "code": 200,
    "locale": "en_US",
    "seed": null,
    "total": 10,
    "data": [
        {
            "id": 1,
            "name": "Herman Ltd",
            "email": "xheathcote@cartwright.com",
            "vat": "26669949527",
            "phone": "+13472406566",
            "country": "Mauritius",
            "addresses": [
                {
                    "id": 1,
                    "street": "435 Yundt Lock",
                    "streetName": "Margie Canyon",
                    "buildingNumber": "633",
                    "city": "East Felipahaven",
                    "zipcode": "44818-8807",
                    "country": "Bahamas",
                    "country_code": "BS",
                    "latitude": -1.509483,
                    "longitude": -77.566564
                },
                {
                    "id": 1,
                    "street": "21713 Jamison Plaza Apt. 135",
                    "streetName": "Gaetano Cliff",
                    "buildingNumber": "826",
                    "city": "South Sherwood",
                    "zipcode": "94225-3463",
                    "country": "Vietnam",
                    "country_code": "VN",
                    "latitude": 69.721413,
                    "longitude": 28.82495
                },
                {
                    "id": 1,
                    "street": "346 Angela Mills Suite 436",
                    "streetName": "Elisha Neck",
                    "buildingNumber": "41408",
                    "city": "Johnsburgh",
                    "zipcode": "81454",
                    "country": "Pitcairn Islands",
                    "country_code": "PN",
                    "latitude": -58.485723,
                    "longitude": -41.60924
                },
                {
                    "id": 1,
                    "street": "26080 Ernestina Skyway",
                    "streetName": "Orpha Island",
                    "buildingNumber": "850",
                    "city": "Everettside",
                    "zipcode": "13002",
                    "country": "St. Helena",
                    "country_code": "SH",
                    "latitude": 80.94496,
                    "longitude": 27.655395
                },
                {
                    "id": 1,
                    "street": "62177 Johns Stravenue",
                    "streetName": "Cyril Mission",
                    "buildingNumber": "3059",
                    "city": "Lake Minatown",
                    "zipcode": "70875-1087",
                    "country": "Croatia",
                    "country_code": "HR",
                    "latitude": 23.987238,
                    "longitude": -14.873348
                }
            ],
            "website": "http://weber.biz",
            "image": "http://placeimg.com/640/480/people",
            "contact": {
                "id": 1,
                "firstname": "Loraine",
                "lastname": "Trantow",
                "email": "jprosacco@gmail.com",
                "phone": "+16629491509",
                "birthday": "1986-03-16",
                "gender": "female",
                "address": {
                    "id": 1,
                    "street": "170 Beatty Mountain",
                    "streetName": "Hills Hollow",
                    "buildingNumber": "969",
                    "city": "Sageville",
                    "zipcode": "02206-0257",
                    "country": "Cocos (Keeling) Islands",
                    "country_code": "CC",
                    "latitude": -55.740384,
                    "longitude": -136.710638
                },
                "website": "http://boyle.info",
                "image": "http://placeimg.com/640/480/people"
            }
        },
        {
            "id": 2,
            "name": "Osinski and Sons",
            "email": "nova.abshire@morar.com",
            "vat": "78884392",
            "phone": "+19284081247",
            "country": "Burkina Faso",
            "addresses": [
                {
                    "id": 1,
                    "street": "267 O'Connell Avenue",
                    "streetName": "Abagail Loop",
                    "buildingNumber": "5375",
                    "city": "Jayceville",
                    "zipcode": "18425-3425",
                    "country": "Central African Republic",
                    "country_code": "CF",
                    "latitude": 64.163603,
                    "longitude": 55.123943
                }
            ],
            "website": "http://douglas.com",
            "image": "http://placeimg.com/640/480/people",
            "contact": {
                "id": 1,
                "firstname": "Dahlia",
                "lastname": "Mueller",
                "email": "gleichner.adolphus@yahoo.com",
                "phone": "+12098380374",
                "birthday": "1950-02-23",
                "gender": "female",
                "address": {
                    "id": 1,
                    "street": "7965 Damien Walks Suite 226",
                    "streetName": "Laurel Avenue",
                    "buildingNumber": "78418",
                    "city": "North Abner",
                    "zipcode": "56145-2651",
                    "country": "Montserrat",
                    "country_code": "MS",
                    "latitude": 77.216591,
                    "longitude": 99.267492
                },
                "website": "http://robel.biz",
                "image": "http://placeimg.com/640/480/people"
            }
        },
        {
            "id": 3,
            "name": "Maggio, Murray and Zieme",
            "email": "lynch.braxton@okeefe.com",
            "vat": "990662399",
            "phone": "+17478618928",
            "country": "Australia",
            "addresses": [
                {
                    "id": 1,
                    "street": "78786 Gottlieb Field Suite 805",
                    "streetName": "Darius Fords",
                    "buildingNumber": "5492",
                    "city": "Lake Lesley",
                    "zipcode": "31000-3664",
                    "country": "French Guiana",
                    "country_code": "GF",
                    "latitude": 62.946855,
                    "longitude": 32.744142
                },
                {
                    "id": 1,
                    "street": "6934 Schaefer Mountains",
                    "streetName": "Judd Rest",
                    "buildingNumber": "58546",
                    "city": "Rempelchester",
                    "zipcode": "46672",
                    "country": "Azerbaijan",
                    "country_code": "AZ",
                    "latitude": 45.628622,
                    "longitude": -119.141952
                }
            ],
            "website": "http://heller.com",
            "image": "http://placeimg.com/640/480/people",
            "contact": {
                "id": 1,
                "firstname": "Prince",
                "lastname": "Eichmann",
                "email": "jackie.skiles@nitzsche.com",
                "phone": "+13038646098",
                "birthday": "2013-08-12",
                "gender": "male",
                "address": {
                    "id": 1,
                    "street": "56263 Cremin Path Suite 648",
                    "streetName": "Corine Falls",
                    "buildingNumber": "259",
                    "city": "New Unamouth",
                    "zipcode": "55715-9205",
                    "country": "St. Kitts & Nevis",
                    "country_code": "KN",
                    "latitude": 19.4448,
                    "longitude": -80.35253
                },
                "website": "http://walsh.com",
                "image": "http://placeimg.com/640/480/people"
            }
        },
        {
            "id": 4,
            "name": "Harber, Langosh and Langworth",
            "email": "amitchell@ondricka.info",
            "vat": "48015706581",
            "phone": "+12486864118",
            "country": "Slovenia",
            "addresses": [
                {
                    "id": 1,
                    "street": "69427 McKenzie Port Apt. 439",
                    "streetName": "Muller Plains",
                    "buildingNumber": "2577",
                    "city": "North Brielle",
                    "zipcode": "17299",
                    "country": "Pakistan",
                    "country_code": "PK",
                    "latitude": -9.511935,
                    "longitude": 10.757095
                },
                {
                    "id": 1,
                    "street": "277 Bernhard Walk Suite 919",
                    "streetName": "Florine Estate",
                    "buildingNumber": "5055",
                    "city": "Port Mazie",
                    "zipcode": "97043-8589",
                    "country": "Indonesia",
                    "country_code": "ID",
                    "latitude": 4.501603,
                    "longitude": -152.772132
                },
                {
                    "id": 1,
                    "street": "603 Osinski Rapids",
                    "streetName": "Huel Club",
                    "buildingNumber": "94492",
                    "city": "Lexiport",
                    "zipcode": "40445-0216",
                    "country": "St. Martin",
                    "country_code": "MF",
                    "latitude": 33.12379,
                    "longitude": 44.745671
                },
                {
                    "id": 1,
                    "street": "9589 Champlin Village Apt. 306",
                    "streetName": "Rowe Mount",
                    "buildingNumber": "47021",
                    "city": "Rorymouth",
                    "zipcode": "39267-9603",
                    "country": "Puerto Rico",
                    "country_code": "PR",
                    "latitude": -8.472817,
                    "longitude": 143.155969
                }
            ],
            "website": "http://kirlin.com",
            "image": "http://placeimg.com/640/480/people",
            "contact": {
                "id": 1,
                "firstname": "Zoila",
                "lastname": "Shanahan",
                "email": "lulu.spencer@nader.net",
                "phone": "+14759350534",
                "birthday": "2001-10-30",
                "gender": "female",
                "address": {
                    "id": 1,
                    "street": "5555 Rasheed Track",
                    "streetName": "Alec Skyway",
                    "buildingNumber": "350",
                    "city": "Homenickmouth",
                    "zipcode": "45778-3794",
                    "country": "Eritrea",
                    "country_code": "ER",
                    "latitude": -19.864941,
                    "longitude": 58.859093
                },
                "website": "http://witting.biz",
                "image": "http://placeimg.com/640/480/people"
            }
        },
        {
[...]
            "lastname": "Green",
            "username": "demetrius37",
            "password": "}{g@oExwm>=Moft?Z=",
            "email": "wilma.purdy@gmail.com",
            "ip": "18.168.136.51",
            "macAddress": "D7:56:D2:DD:74:1D",
            "website": "http://treutel.com",
            "image": "http://placeimg.com/640/480/people"
        },
        {
            "id": 4,
            "uuid": "eeee6ea7-b109-3cf9-b694-e768cb16f2ea",
            "firstname": "Willow",
            "lastname": "Dooley",
            "username": "emile.schulist",
            "password": "gKj!/C",
            "email": "kirsten42@romaguera.com",
            "ip": "248.6.183.240",
            "macAddress": "E9:50:1A:C6:5E:77",
            "website": "http://nicolas.biz",
            "image": "http://placeimg.com/640/480/people"
        },
        {
            "id": 5,
            "uuid": "d53eca81-d6ad-38d2-af30-fe35522426de",
            "firstname": "Lucinda",
            "lastname": "Schowalter",
            "username": "virginie48",
            "password": "0kr6rY?y",
            "email": "pamela06@yahoo.com",
            "ip": "250.178.180.156",
            "macAddress": "17:DD:84:35:D8:BD",
            "website": "http://goldner.com",
            "image": "http://placeimg.com/640/480/people"
        },
        {
            "id": 6,
            "uuid": "07bba0e0-7776-34e3-911a-16f379261941",
            "firstname": "Esperanza",
            "lastname": "Klocko",
            "username": "quigley.reymundo",
            "password": "`u@n?VbtQ_'e?egx~ZE9",
            "email": "arianna.haley@mueller.com",
            "ip": "190.163.235.107",
            "macAddress": "A5:74:B7:09:07:FB",
            "website": "http://emard.org",
            "image": "http://placeimg.com/640/480/people"
        },
        {
            "id": 7,
            "uuid": "0be1cceb-3af1-35cf-b05d-2bb5817c2101",
            "firstname": "Rey",
            "lastname": "Hayes",
            "username": "torrance90",
            "password": "<gCnTe}]3mA7%NB^WB",
            "email": "miracle.hyatt@hotmail.com",
            "ip": "196.34.142.53",
            "macAddress": "F7:13:65:0A:8B:8E",
            "website": "http://parker.com",
            "image": "http://placeimg.com/640/480/people"
        },
        {
            "id": 8,
            "uuid": "46413856-b08a-3ed8-b69a-3450cecf7a7a",
            "firstname": "Madge",
            "lastname": "Watsica",
            "username": "madie79",
            "password": "qPJwW#6%[|+>",
            "email": "georgiana67@lemke.com",
            "ip": "121.75.67.140",
            "macAddress": "1B:3C:A6:D9:3D:95",
            "website": "http://marvin.com",
            "image": "http://placeimg.com/640/480/people"
        },
        {
            "id": 9,
            "uuid": "0418177a-74aa-30f7-8cfd-b26d5df4721b",
            "firstname": "Eugenia",
            "lastname": "Larson",
            "username": "vallie64",
            "password": "dN.*8VE/",
            "email": "belle.wolff@senger.com",
            "ip": "64.19.52.198",
            "macAddress": "F2:69:2B:85:3A:42",
            "website": "http://okeefe.com",
            "image": "http://placeimg.com/640/480/people"
        },
        {
            "id": 10,
            "uuid": "12ac800e-47c0-3d98-9696-b25d6a55fd19",
            "firstname": "Maurice",
            "lastname": "Howell",
            "username": "rath.elroy",
            "password": "}2&]sMA2kA+[6gb",
            "email": "ubogan@gmail.com",
            "ip": "245.93.16.196",
            "macAddress": "FC:99:5C:45:D6:80",
            "website": "http://mohr.net",
            "image": "http://placeimg.com/640/480/people"
        }
    ]
}
HTTP/1.1 200 OK
Server: nginx
Content-Type: application/json
Transfer-Encoding: chunked
Connection: keep-alive
Vary: Accept-Encoding
X-Powered-By: PHP/8.3.8
Cache-Control: no-cache, private
Date: Mon, 12 Jan 2026 02:28:27 GMT
X-RateLimit-Limit: 60
X-RateLimit-Remaining: 49
Access-Control-Allow-Origin: *
X-UA-Compatible: IE=Edge,chrome=1
Content-Encoding: gzip

{
    "status": "OK",
    "code": 200,
    "locale": "en_US",
    "seed": null,
    "total": 10,
    "data": [
        {
            "id": 1,
            "uuid": "f0d42b65-9952-3961-8d1d-d1d15648df15",
            "firstname": "Robert",
            "lastname": "Grimes",
            "username": "ursula85",
            "password": "a)T]\"#rFr",
            "email": "camylle.weber@gmail.com",
            "ip": "197.16.80.177",
            "macAddress": "2B:FC:C3:1E:5C:29",
            "website": "http://steuber.com",
            "image": "http://placeimg.com/640/480/people"
        },
        {
            "id": 2,
            "uuid": "6d0489b2-3eb2-33ae-8f7c-08e6bd7596f8",
            "firstname": "Margaretta",
            "lastname": "Bauch",
            "username": "mabel.braun",
            "password": "\"iB-5w@`",
            "email": "kimberly.runte@koelpin.com",
            "ip": "220.180.154.228",
            "macAddress": "5C:F5:7D:E1:D5:5E",
            "website": "http://littel.info",
            "image": "http://placeimg.com/640/480/people"
        },
        {
            "id": 3,
            "uuid": "f9a84fe2-5243-39af-b12c-28e8749940a5",
            "firstname": "Maxwell",
            "lastname": "Green",
            "username": "demetrius37",
            "password": "}{g@oExwm>=Moft?Z=",
            "email": "wilma.purdy@gmail.com",
            "ip": "18.168.136.51",
            "macAddress": "D7:56:D2:DD:74:1D",
            "website": "http://treutel.com",
            "image": "http://placeimg.com/640/480/people"
        },
        {
            "id": 4,
            "uuid": "eeee6ea7-b109-3cf9-b694-e768cb16f2ea",
            "firstname": "Willow",
            "lastname": "Dooley",
            "username": "emile.schulist",
            "password": "gKj!/C",
            "email": "kirsten42@romaguera.com",
            "ip": "248.6.183.240",
            "macAddress": "E9:50:1A:C6:5E:77",
            "website": "http://nicolas.biz",
            "image": "http://placeimg.com/640/480/people"
        },
        {
            "id": 5,
            "uuid": "d53eca81-d6ad-38d2-af30-fe35522426de",
            "firstname": "Lucinda",
            "lastname": "Schowalter",
            "username": "virginie48",
            "password": "0kr6rY?y",
            "email": "pamela06@yahoo.com",
            "ip": "250.178.180.156",
            "macAddress": "17:DD:84:35:D8:BD",
            "website": "http://goldner.com",
            "image": "http://placeimg.com/640/480/people"
        },
        {
            "id": 6,
            "uuid": "07bba0e0-7776-34e3-911a-16f379261941",
            "firstname": "Esperanza",
            "lastname": "Klocko",
            "username": "quigley.reymundo",
            "password": "`u@n?VbtQ_'e?egx~ZE9",
            "email": "arianna.haley@mueller.com",
            "ip": "190.163.235.107",
            "macAddress": "A5:74:B7:09:07:FB",
            "website": "http://emard.org",
            "image": "http://placeimg.com/640/480/people"
        },
        {
            "id": 7,
            "uuid": "0be1cceb-3af1-35cf-b05d-2bb5817c2101",
            "firstname": "Rey",
            "lastname": "Hayes",
            "username": "torrance90",
            "password": "<gCnTe}]3mA7%NB^WB",
            "email": "miracle.hyatt@hotmail.com",
            "ip": "196.34.142.53",
            "macAddress": "F7:13:65:0A:8B:8E",
            "website": "http://parker.com",
            "image": "http://placeimg.com/640/480/people"
        },
        {
            "id": 8,
            "uuid": "46413856-b08a-3ed8-b69a-3450cecf7a7a",
            "firstname": "Madge",
            "lastname": "Watsica",
            "username": "madie79",
            "password": "qPJwW#6%[|+>",
            "email": "georgiana67@lemke.com",
            "ip": "121.75.67.140",
            "macAddress": "1B:3C:A6:D9:3D:95",
            "website": "http://marvin.com",
            "image": "http://placeimg.com/640/480/people"
        },
        {
            "id": 9,
            "uuid": "0418177a-74aa-30f7-8cfd-b26d5df4721b",
            "firstname": "Eugenia",
            "lastname": "Larson",
            "username": "vallie64",
            "password": "dN.*8VE/",
            "email": "belle.wolff@senger.com",
            "ip": "64.19.52.198",
            "macAddress": "F2:69:2B:85:3A:42",
            "website": "http://okeefe.com",
            "image": "http://placeimg.com/640/480/people"
        },
        {
            "id": 10,
            "uuid": "12ac800e-47c0-3d98-9696-b25d6a55fd19",
            "firstname": "Maurice",
            "lastname": "Howell",
            "username": "rath.elroy",
            "password": "}2&]sMA2kA+[6gb",
            "email": "ubogan@gmail.com",
            "ip": "245.93.16.196",
            "macAddress": "FC:99:5C:45:D6:80",
            "website": "http://mohr.net",
            "image": "http://placeimg.com/640/480/people"
        }
    ]
}
HTTP/1.1 200 OK
Server: nginx
Content-Type: application/json
Transfer-Encoding: chunked
Connection: keep-alive
Vary: Accept-Encoding
X-Powered-By: PHP/8.3.8
Cache-Control: no-cache, private
Date: Mon, 12 Jan 2026 02:28:27 GMT
X-RateLimit-Limit: 60
X-RateLimit-Remaining: 49
Access-Control-Allow-Origin: *
X-UA-Compatible: IE=Edge,chrome=1
Content-Encoding: gzip

{
    "status": "OK",
    "code": 200,
    "locale": "en_US",
    "seed": null,
    "total": 10,
    "data": [
        {
            "id": 1,
            "uuid": "f0d42b65-9952-3961-8d1d-d1d15648df15",
            "firstname": "Robert",
            "lastname": "Grimes",
            "username": "ursula85",
            "password": "a)T]\"#rFr",
            "email": "camylle.weber@gmail.com",
            "ip": "197.16.80.177",
            "macAddress": "2B:FC:C3:1E:5C:29",
            "website": "http://steuber.com",
            "image": "http://placeimg.com/640/480/people"
        },
        {
            "id": 2,
            "uuid": "6d0489b2-3eb2-33ae-8f7c-08e6bd7596f8",
            "firstname": "Margaretta",
            "lastname": "Bauch",
            "username": "mabel.braun",
            "password": "\"iB-5w@`",
            "email": "kimberly.runte@koelpin.com",
            "ip": "220.180.154.228",
            "macAddress": "5C:F5:7D:E1:D5:5E",
            "website": "http://littel.info",
            "image": "http://placeimg.com/640/480/people"
        },
        {
            "id": 3,
            "uuid": "f9a84fe2-5243-39af-b12c-28e8749940a5",
            "firstname": "Maxwell",
            "lastname": "Green",
            "username": "demetrius37",
            "password": "}{g@oExwm>=Moft?Z=",
            "email": "wilma.purdy@gmail.com",
            "ip": "18.168.136.51",
            "macAddress": "D7:56:D2:DD:74:1D",
            "website": "http://treutel.com",
            "image": "http://placeimg.com/640/480/people"
        },
        {
            "id": 4,
            "uuid": "eeee6ea7-b109-3cf9-b694-e768cb16f2ea",
            "firstname": "Willow",
            "lastname": "Dooley",
            "username": "emile.schulist",
            "password": "gKj!/C",
            "email": "kirsten42@romaguera.com",
            "ip": "248.6.183.240",
            "macAddress": "E9:50:1A:C6:5E:77",
            "website": "http://nicolas.biz",
            "image": "http://placeimg.com/640/480/people"
        },
        {
            "id": 5,
            "uuid": "d53eca81-d6ad-38d2-af30-fe35522426de",
            "firstname": "Lucinda",
            "lastname": "Schowalter",
            "username": "virginie48",
            "password": "0kr6rY?y",
            "email": "pamela06@yahoo.com",
            "ip": "250.178.180.156",
            "macAddress": "17:DD:84:35:D8:BD",
            "website": "http://goldner.com",
            "image": "http://placeimg.com/640/480/people"
        },
        {
            "id": 6,
            "uuid": "07bba0e0-7776-34e3-911a-16f379261941",
            "firstname": "Esperanza",
            "lastname": "Klocko",
            "username": "quigley.reymundo",
            "password": "`u@n?VbtQ_'e?egx~ZE9",
            "email": "arianna.haley@mueller.com",
            "ip": "190.163.235.107",
            "macAddress": "A5:74:B7:09:07:FB",
            "website": "http://emard.org",
            "image": "http://placeimg.com/640/480/people"
        },
        {
            "id": 7,
            "uuid": "0be1cceb-3af1-35cf-b05d-2bb5817c2101",
            "firstname": "Rey",
            "lastname": "Hayes",
            "username": "torrance90",
            "password": "<gCnTe}]3mA7%NB^WB",
            "email": "miracle.hyatt@hotmail.com",
            "ip": "196.34.142.53",
            "macAddress": "F7:13:65:0A:8B:8E",
            "website": "http://parker.com",
            "image": "http://placeimg.com/640/480/people"
        },
        {
            "id": 8,
            "uuid": "46413856-b08a-3ed8-b69a-3450cecf7a7a",
            "firstname": "Madge",
            "lastname": "Watsica",
            "username": "madie79",
            "password": "qPJwW#6%[|+>",
            "email": "georgiana67@lemke.com",
            "ip": "121.75.67.140",
            "macAddress": "1B:3C:A6:D9:3D:95",
            "website": "http://marvin.com",
            "image": "http://placeimg.com/640/480/people"
        },
        {
            "id": 9,
            "uuid": "0418177a-74aa-30f7-8cfd-b26d5df4721b",
            "firstname": "Eugenia",
            "lastname": "Larson",
            "username": "vallie64",
            "password": "dN.*8VE/",
            "email": "belle.wolff@senger.com",
            "ip": "64.19.52.198",
            "macAddress": "F2:69:2B:85:3A:42",
            "website": "http://okeefe.com",
            "image": "http://placeimg.com/640/480/people"
        },
        {
            "id": 10,
            "uuid": "12ac800e-47c0-3d98-9696-b25d6a55fd19",
            "firstname": "Maurice",
            "lastname": "Howell",
            "username": "rath.elroy",
            "password": "}2&]sMA2kA+[6gb",
            "email": "ubogan@gmail.com",
            "ip": "245.93.16.196",
            "macAddress": "FC:99:5C:45:D6:80",
            "website": "http://mohr.net",
            "image": "http://placeimg.com/640/480/people"
        }
    ]
}
HTTP/1.1 200 OK
Server: nginx
Content-Type: application/json
Transfer-Encoding: chunked
Connection: keep-alive
Vary: Accept-Encoding
X-Powered-By: PHP/8.3.8
Cache-Control: no-cache, private
Date: Mon, 12 Jan 2026 02:28:27 GMT
X-RateLimit-Limit: 60
X-RateLimit-Remaining: 49
Access-Control-Allow-Origin: *
X-UA-Compatible: IE=Edge,chrome=1
Content-Encoding: gzip

{
    "status": "OK",
    "code": 200,
    "locale": "en_US",
    "seed": null,
    "total": 10,
    "data": [
        {
            "id": 1,
            "uuid": "f0d42b65-9952-3961-8d1d-d1d15648df15",
            "firstname": "Robert",
            "lastname": "Grimes",
            "username": "ursula85",
            "password": "a)T]\"#rFr",
            "email": "camylle.weber@gmail.com",
            "ip": "197.16.80.177",
            "macAddress": "2B:FC:C3:1E:5C:29",
            "website": "http://steuber.com",
            "image": "http://placeimg.com/640/480/people"
        },
        {
            "id": 2,
            "uuid": "6d0489b2-3eb2-33ae-8f7c-08e6bd7596f8",
            "firstname": "Margaretta",
            "lastname": "Bauch",
            "username": "mabel.braun",
            "password": "\"iB-5w@`",
            "email": "kimberly.runte@koelpin.com",
            "ip": "220.180.154.228",
            "macAddress": "5C:F5:7D:E1:D5:5E",
            "website": "http://littel.info",
            "image": "http://placeimg.com/640/480/people"
        },
        {
            "id": 3,
            "uuid": "f9a84fe2-5243-39af-b12c-28e8749940a5",
            "firstname": "Maxwell",
            "lastname": "Green",
            "username": "demetrius37",
            "password": "}{g@oExwm>=Moft?Z=",
            "email": "wilma.purdy@gmail.com",
            "ip": "18.168.136.51",
            "macAddress": "D7:56:D2:DD:74:1D",
            "website": "http://treutel.com",
            "image": "http://placeimg.com/640/480/people"
        },
        {
            "id": 4,
            "uuid": "eeee6ea7-b109-3cf9-b694-e768cb16f2ea",
            "firstname": "Willow",
            "lastname": "Dooley",
            "username": "emile.schulist",
            "password": "gKj!/C",
            "email": "kirsten42@romaguera.com",
            "ip": "248.6.183.240",
            "macAddress": "E9:50:1A:C6:5E:77",
            "website": "http://nicolas.biz",
            "image": "http://placeimg.com/640/480/people"
        },
        {
            "id": 5,
            "uuid": "d53eca81-d6ad-38d2-af30-fe35522426de",
            "firstname": "Lucinda",
            "lastname": "Schowalter",
            "username": "virginie48",
            "password": "0kr6rY?y",
            "email": "pamela06@yahoo.com",
            "ip": "250.178.180.156",
            "macAddress": "17:DD:84:35:D8:BD",
            "website": "http://goldner.com",
            "image": "http://placeimg.com/640/480/people"
        },
        {
            "id": 6,
            "uuid": "07bba0e0-7776-34e3-911a-16f379261941",
            "firstname": "Esperanza",
            "lastname": "Klocko",
            "username": "quigley.reymundo",
            "password": "`u@n?VbtQ_'e?egx~ZE9",
            "email": "arianna.haley@mueller.com",
            "ip": "190.163.235.107",
            "macAddress": "A5:74:B7:09:07:FB",
            "website": "http://emard.org",
            "image": "http://placeimg.com/640/480/people"
        },
        {
            "id": 7,
            "uuid": "0be1cceb-3af1-35cf-b05d-2bb5817c2101",
            "firstname": "Rey",
            "lastname": "Hayes",
            "username": "torrance90",
            "password": "<gCnTe}]3mA7%NB^WB",
            "email": "miracle.hyatt@hotmail.com",
            "ip": "196.34.142.53",
            "macAddress": "F7:13:65:0A:8B:8E",
            "website": "http://parker.com",
            "image": "http://placeimg.com/640/480/people"
        },
        {
            "id": 8,
            "uuid": "46413856-b08a-3ed8-b69a-3450cecf7a7a",
            "firstname": "Madge",
            "lastname": "Watsica",
            "username": "madie79",
            "password": "qPJwW#6%[|+>",
            "email": "georgiana67@lemke.com",
            "ip": "121.75.67.140",
            "macAddress": "1B:3C:A6:D9:3D:95",
            "website": "http://marvin.com",
            "image": "http://placeimg.com/640/480/people"
        },
        {
            "id": 9,
            "uuid": "0418177a-74aa-30f7-8cfd-b26d5df4721b",
            "firstname": "Eugenia",
            "lastname": "Larson",
            "username": "vallie64",
            "password": "dN.*8VE/",
            "email": "belle.wolff@senger.com",
            "ip": "64.19.52.198",
            "macAddress": "F2:69:2B:85:3A:42",
            "website": "http://okeefe.com",
            "image": "http://placeimg.com/640/480/people"
        },
        {
            "id": 10,
            "uuid": "12ac800e-47c0-3d98-9696-b25d6a55fd19",
            "firstname": "Maurice",
            "lastname": "Howell",
            "username": "rath.elroy",
            "password": "}2&]sMA2kA+[6gb",
            "email": "ubogan@gmail.com",
            "ip": "245.93.16.196",
            "macAddress": "FC:99:5C:45:D6:80",
            "website": "http://mohr.net",
            "image": "http://placeimg.com/640/480/people"
        }
    ]
}
  When I request users                    # stepdefinitions.UsersSteps.requestUsers()
  Then response status code should be 200 # stepdefinitions.CommonSteps.validateStatusCodeGeneric(int)
  And response data should not be empty   # stepdefinitions.CommonSteps.validateDataNotEmpty()
]]></system-out>
  </testcase>
</testsuite>